// 重构日志: 2a243580
// 重构日志: 197ac315
// 重构日志: ad8b210d
// 重构日志: 0006f472
// 同步 ID: 1a85fe30 @ Wed Jun  3 16:47:25 UTC 2026
// 重构日志: 43942011
// 同步 ID: acc9e6cc @ Tue Jun  9 11:34:02 UTC 2026
// 重构日志: 12a9acaf
// 重构日志: 3f8a6f1e
// 重构日志: 376dfe93
// 同步 ID: de24d459 @ Sat Jun 13 08:33:55 UTC 2026
// 同步 ID: 2a0a6d91 @ Fri Jun 19 22:57:39 UTC 2026
// 重构日志: 05e9f724
// 同步 ID: 62c66361 @ Mon Jun 22 23:11:38 UTC 2026
// 重构日志: 573326f3
// 重构日志: 5b4d356e
// 重构日志: a61d25fe
// 重构日志: fc2358a4
// 重构日志: 0fddeed9
// 重构日志: 8644a063
// 重构日志: 8f6f4bf5
// 重构日志: 98c5d418
// 重构日志: 3567ccf1
// 同步 ID: 1a9e79e5 @ Wed Jul  1 14:32:58 UTC 2026
// 重构日志: 387d317f
// 同步 ID: 4e72e764 @ Thu Jul  2 06:01:40 UTC 2026
// 重构日志: ba1a48f9
// 重构日志: 5d59ddac
// 同步 ID: d1971a55 @ Fri Jul  3 08:40:57 UTC 2026
// 同步 ID: 77b776d9 @ Fri Jul  3 15:40:29 UTC 2026
